[debug] [2021-06-18T04:47:27.912Z] ----------------------------------------------------------------------
[debug] [2021-06-18T04:47:27.916Z] Command:       C:\Program Files\nodejs\node.exe C:\Users\ASUS\AppData\Roaming\npm\node_modules\firebase-tools\lib\bin\firebase.js init
[debug] [2021-06-18T04:47:27.917Z] CLI Version:   9.5.0
[debug] [2021-06-18T04:47:27.917Z] Platform:      win32
[debug] [2021-06-18T04:47:27.917Z] Node Version:  v14.15.4
[debug] [2021-06-18T04:47:27.919Z] Time:          Fri Jun 18 2021 10:17:27 GMT+0530 (India Standard Time)
[debug] [2021-06-18T04:47:27.919Z] ----------------------------------------------------------------------
[debug] [2021-06-18T04:47:27.919Z] 
[debug] [2021-06-18T04:47:27.924Z] >>> [apiv2][query] GET https://firebase-public.firebaseio.com/cli.json [none]
[debug] [2021-06-18T04:47:27.958Z] > command requires scopes: ["email","openid","https://www.googleapis.com/auth/cloudplatformprojects.readonly","https://www.googleapis.com/auth/firebase","https://www.googleapis.com/auth/cloud-platform"]
[debug] [2021-06-18T04:47:27.958Z] > authorizing via signed-in user
[info] 
     ######## #### ########  ######## ########     ###     ######  ########
     ##        ##  ##     ## ##       ##     ##  ##   ##  ##       ##
     ######    ##  ########  ######   ########  #########  ######  ######
     ##        ##  ##    ##  ##       ##     ## ##     ##       ## ##
     ##       #### ##     ## ######## ########  ##     ##  ######  ########

You're about to initialize a Firebase project in this directory:

  C:\Users\ASUS\v-txt

[debug] [2021-06-18T04:47:29.199Z] <<< [apiv2][status] GET https://firebase-public.firebaseio.com/cli.json 200
[debug] [2021-06-18T04:47:29.200Z] <<< [apiv2][body] GET https://firebase-public.firebaseio.com/cli.json {"cloudBuildErrorAfter":1594252800000,"cloudBuildWarnAfter":1590019200000,"defaultNode10After":1594252800000,"minVersion":"3.0.5","node8DeploysDisabledAfter":1613390400000,"node8RuntimeDisabledAfter":1615809600000,"node8WarnAfter":1600128000000}
